<?xml version="1.0" encoding="UTF-8"?>
<!-- Generated by org.testng.reporters.JUnitReportReporter -->
<testsuite skipped="0" hostname="DESKTOP-P1P3PLC" name="testNGDEMO.MergeLead" tests="1" failures="0" timestamp="2022-02-02T14:12:16 MST" time="21.363" errors="0">
  <testcase name="mergeLead" time="21.363" classname="testNGDEMO.MergeLead"/>
</testsuite> <!-- testNGDEMO.MergeLead -->
