<?xml version="1.0" encoding="UTF-8"?>
<!-- Generated by org.testng.reporters.JUnitReportReporter -->
<testsuite skipped="0" hostname="DESKTOP-P1P3PLC" name="learnParameters.Parameters_CreatLeads" tests="1" failures="0" timestamp="2022-02-03T02:46:12 MST" time="31.393" errors="0">
  <testcase name="creatLeads" time="31.393" classname="learnParameters.Parameters_CreatLeads"/>
</testsuite> <!-- learnParameters.Parameters_CreatLeads -->
