<?xml version="1.0" encoding="UTF-8"?>
<!-- Generated by org.testng.reporters.JUnitReportReporter -->
<testsuite skipped="0" hostname="DESKTOP-P1P3PLC" name="startingPointOffFramework.TC_001CreatLead" tests="1" failures="0" timestamp="2022-02-15T17:37:43 MST" time="27.225" errors="0">
  <testcase name="creatLead" time="27.225" classname="startingPointOffFramework.TC_001CreatLead"/>
</testsuite> <!-- startingPointOffFramework.TC_001CreatLead -->
