<?xml version="1.0" encoding="UTF-8"?>
<!-- Generated by org.testng.reporters.JUnitReportReporter -->
<testsuite skipped="0" hostname="DESKTOP-P1P3PLC" name="testNGDEMO.CreateLead" tests="1" failures="0" timestamp="2022-03-03T21:08:04 MST" time="40.027" errors="0">
  <testcase name="createLead" time="40.027" classname="testNGDEMO.CreateLead"/>
</testsuite> <!-- testNGDEMO.CreateLead -->
