<?xml version="1.0" encoding="UTF-8"?>
<!-- Generated by org.testng.reporters.JUnitReportReporter -->
<testsuite skipped="0" hostname="DESKTOP-P1P3PLC" name="testNGDEMO.AnnotationOrder" tests="3" failures="0" timestamp="2022-01-19T00:16:02 MST" time="0.008" errors="0">
  <testcase name="Test1" time="0.007" classname="testNGDEMO.AnnotationOrder"/>
  <testcase name="Test2" time="0.001" classname="testNGDEMO.AnnotationOrder"/>
  <testcase name="Test3" time="0.000" classname="testNGDEMO.AnnotationOrder"/>
</testsuite> <!-- testNGDEMO.AnnotationOrder -->
