<?xml version="1.0" encoding="UTF-8"?>
<!-- Generated by org.testng.reporters.JUnitReportReporter -->
<testsuite skipped="0" hostname="DESKTOP-P1P3PLC" name="ConnectExcelWithDataProvider.CreatLead" tests="3" failures="0" timestamp="2022-02-08T00:19:12 MST" time="82.253" errors="0">
  <testcase name="creatLeads" time="27.689" classname="ConnectExcelWithDataProvider.CreatLead"/>
  <testcase name="creatLeads" time="26.705" classname="ConnectExcelWithDataProvider.CreatLead"/>
  <testcase name="creatLeads" time="27.859" classname="ConnectExcelWithDataProvider.CreatLead"/>
</testsuite> <!-- ConnectExcelWithDataProvider.CreatLead -->
