<?xml version="1.0" encoding="UTF-8"?>
<!-- Generated by org.testng.reporters.JUnitReportReporter -->
<testsuite skipped="0" hostname="DESKTOP-P1P3PLC" name="testNGDEMO.TestNGAnnoWithPriority" tests="3" failures="0" timestamp="2022-01-18T19:46:15 MST" time="0.010" errors="0">
  <testcase name="test2" time="0.007" classname="testNGDEMO.TestNGAnnoWithPriority"/>
  <testcase name="test3" time="0.002" classname="testNGDEMO.TestNGAnnoWithPriority"/>
  <testcase name="test1" time="0.001" classname="testNGDEMO.TestNGAnnoWithPriority"/>
</testsuite> <!-- testNGDEMO.TestNGAnnoWithPriority -->
