<?xml version="1.0" encoding="UTF-8"?>
<!-- Generated by org.testng.reporters.JUnitReportReporter -->
<testsuite skipped="0" hostname="DESKTOP-P1P3PLC" name="testNGDEMO.TestingPriority" tests="3" failures="0" timestamp="2022-01-20T02:01:59 MST" time="80.410" errors="0">
  <testcase name="creatLead" time="34.970" classname="testNGDEMO.TestingPriority"/>
  <testcase name="editLead" time="25.084" classname="testNGDEMO.TestingPriority"/>
  <testcase name="mergeLead" time="20.356" classname="testNGDEMO.TestingPriority"/>
</testsuite> <!-- testNGDEMO.TestingPriority -->
