<?xml version="1.0" encoding="UTF-8"?>
<!-- Generated by org.testng.reporters.JUnitReportReporter -->
<testsuite skipped="0" hostname="DESKTOP-P1P3PLC" name="parameteriztion.Parameters_CreatLeads" tests="3" failures="0" timestamp="2022-02-03T20:23:13 MST" time="86.021" errors="0">
  <testcase name="creatLeads" time="24.881" classname="parameteriztion.Parameters_CreatLeads"/>
  <testcase name="creatLeads" time="24.843" classname="parameteriztion.Parameters_CreatLeads"/>
  <testcase name="creatLeads" time="36.297" classname="parameteriztion.Parameters_CreatLeads"/>
</testsuite> <!-- parameteriztion.Parameters_CreatLeads -->
